<?xml version="1.0" encoding="UTF-8"?>
<!-- Generated by org.testng.reporters.JUnitReportReporter -->
<testsuite hostname="VM-Amelia-Autom" failures="0" tests="1" name="Automation.Amelia_Automation.demotest" time="4.361" errors="0" timestamp="2023-05-04T05:25:20 UTC" skipped="0">
  <testcase classname="Automation.Amelia_Automation.demotest" name="test" time="4.361"/>
  <system-out/>
</testsuite> <!-- Automation.Amelia_Automation.demotest -->
